0 info it worked if it ends with ok
1 verbose cli [ '/usr/bin/nodejs',
1 verbose cli   '/usr/bin/npm',
1 verbose cli   'install',
1 verbose cli   'windows-eventlog' ]
2 info using npm@3.5.2
3 info using node@v4.2.6
4 silly loadCurrentTree Starting
5 silly install loadCurrentTree
6 silly install readLocalPackageData
7 silly fetchPackageMetaData windows-eventlog
8 silly fetchNamedPackageData windows-eventlog
9 silly mapToRegistry name windows-eventlog
10 silly mapToRegistry using default registry
11 silly mapToRegistry registry https://registry.npmjs.org/
12 silly mapToRegistry uri https://registry.npmjs.org/windows-eventlog
13 verbose request uri https://registry.npmjs.org/windows-eventlog
14 verbose request no auth needed
15 info attempt registry request try #1 at 3:19:28 AM
16 verbose request id 97d0d73b74021258
17 verbose etag W/"56f1210c-5580"
18 verbose lastModified Tue, 22 Mar 2016 10:40:12 GMT
19 http request GET https://registry.npmjs.org/windows-eventlog
20 http 304 https://registry.npmjs.org/windows-eventlog
21 verbose headers { date: 'Tue, 20 Jun 2017 06:19:29 GMT',
21 verbose headers   via: '1.1 varnish',
21 verbose headers   'cache-control': 'max-age=300',
21 verbose headers   etag: 'W/"56f1210c-5580"',
21 verbose headers   age: '0',
21 verbose headers   connection: 'keep-alive',
21 verbose headers   'x-served-by': 'cache-atl6237-ATL',
21 verbose headers   'x-cache': 'MISS',
21 verbose headers   'x-cache-hits': '0',
21 verbose headers   'x-timer': 'S1497939570.839609,VS0,VE225',
21 verbose headers   vary: 'Accept-Encoding' }
22 silly get cb [ 304,
22 silly get   { date: 'Tue, 20 Jun 2017 06:19:29 GMT',
22 silly get     via: '1.1 varnish',
22 silly get     'cache-control': 'max-age=300',
22 silly get     etag: 'W/"56f1210c-5580"',
22 silly get     age: '0',
22 silly get     connection: 'keep-alive',
22 silly get     'x-served-by': 'cache-atl6237-ATL',
22 silly get     'x-cache': 'MISS',
22 silly get     'x-cache-hits': '0',
22 silly get     'x-timer': 'S1497939570.839609,VS0,VE225',
22 silly get     vary: 'Accept-Encoding' } ]
23 verbose etag https://registry.npmjs.org/windows-eventlog from cache
24 verbose get saving windows-eventlog to /root/.npm/registry.npmjs.org/windows-eventlog/.cache.json
25 silly install normalizeTree
26 silly loadCurrentTree Finishing
27 silly loadIdealTree Starting
28 silly install loadIdealTree
29 silly cloneCurrentTree Starting
30 silly install cloneCurrentTreeToIdealTree
31 silly cloneCurrentTree Finishing
32 silly loadShrinkwrap Starting
33 silly install loadShrinkwrap
34 silly loadShrinkwrap Finishing
35 silly loadAllDepsIntoIdealTree Starting
36 silly install loadAllDepsIntoIdealTree
37 silly rollbackFailedOptional Starting
38 silly rollbackFailedOptional Finishing
39 silly runTopLevelLifecycles Starting
40 silly runTopLevelLifecycles Finishing
41 silly install printInstalled
42 verbose stack Error: Unsupported
42 verbose stack     at checkPlatform (/usr/share/npm/node_modules/npm-install-checks/index.js:46:14)
42 verbose stack     at Array.<anonymous> (/usr/share/npm/node_modules/slide/lib/bind-actor.js:15:8)
42 verbose stack     at LOOP (/usr/share/npm/node_modules/slide/lib/chain.js:15:14)
42 verbose stack     at /usr/share/npm/node_modules/slide/lib/chain.js:18:7
42 verbose stack     at checkEngine (/usr/share/npm/node_modules/npm-install-checks/index.js:10:20)
42 verbose stack     at Array.<anonymous> (/usr/share/npm/node_modules/slide/lib/bind-actor.js:15:8)
42 verbose stack     at LOOP (/usr/share/npm/node_modules/slide/lib/chain.js:15:14)
42 verbose stack     at chain (/usr/share/npm/node_modules/slide/lib/chain.js:20:5)
42 verbose stack     at module.exports.isInstallable (/usr/share/npm/lib/install/validate-args.js:26:3)
42 verbose stack     at Array.<anonymous> (/usr/share/npm/node_modules/slide/lib/bind-actor.js:15:8)
43 verbose pkgid windows-eventlog@2.0.0
44 verbose cwd /home/kevin/Documents/prograWeb/proyecto
45 error Linux 4.4.0-79-generic
46 error argv "/usr/bin/nodejs" "/usr/bin/npm" "install" "windows-eventlog"
47 error node v4.2.6
48 error npm  v3.5.2
49 error code EBADPLATFORM
50 error notsup Not compatible with your operating system or architecture: windows-eventlog@2.0.0
51 error notsup Valid OS:    win32
51 error notsup Valid Arch:  ia32,x64
51 error notsup Actual OS:   linux
51 error notsup Actual Arch: x64
52 verbose exit [ 1, true ]
